"root_info.xml", 6, 12
"internal", 29, ""
"jproject_classpath", 8, internal
".classpath", 8, internal
".project", 8, internal
"riskapps\internal\ConfigurationDialog.class", 7, "internal.riskapps.internal.ConfigurationDialog"
"riskapps\internal\ConfigurationDialog$1.class", 7, "internal.riskapps.internal.ConfigurationDialog"
"riskapps\internal\ConfigurationDialog$2.class", 7, "internal.riskapps.internal.ConfigurationDialog"
"riskapps\internal\ConfigurationDialog$3.class", 7, "internal.riskapps.internal.ConfigurationDialog"
"riskapps\internal\ConfigurationDialog$4.class", 7, "internal.riskapps.internal.ConfigurationDialog"
"riskapps\internal\ConfigurationDialog$5.class", 7, "internal.riskapps.internal.ConfigurationDialog"
"riskapps\internal\ConfigurationDialog$6.class", 7, "internal.riskapps.internal.ConfigurationDialog"
"riskapps\internal\ConfigurationDialog$7.class", 7, "internal.riskapps.internal.ConfigurationDialog"
"riskapps\internal\RiskPakDispatcher.class", 7, "internal.riskapps.internal.RiskPakDispatcher",0
"riskapps\internal\RiskPakService.java", 7, "internal.riskapps.internal.RiskPakService",0,14,65,84,105
"riskapps\internal\RiskPakService.class", 7, "internal.riskapps.internal.RiskPakService",0,14,65,84,105
"riskapps\internal\RiskPakService$1.class", 7, "internal.riskapps.internal.RiskPakService",0,14,65,84,105
"riskapps\internal\RunBatchTasks.class", 7, "internal.riskapps.internal.RunBatchTasks",0
"riskapps\internal\RunBatchTasks$1.class", 7, "internal.riskapps.internal.RunBatchTasks",0
"riskapps\internal\UpgradeXML.class", 7, "internal.riskapps.internal.UpgradeXML",0
"riskapps\internal\UpgradeXML$1.class", 7, "internal.riskapps.internal.UpgradeXML",0
"riskapps\internal\picklist\FlowLevelPicklist.class", 7, "internal.riskapps.internal.picklist.FlowLevelPicklist",56
"riskapps\internal\picklist\LegLevelPicklist.class", 7, "internal.riskapps.internal.picklist.LegLevelPicklist",56
"riskapps\internal\picklist\LegLevelPicklist$1.class", 7, "internal.riskapps.internal.picklist.LegLevelPicklist",56
"riskapps\internal\picklist\TradeRulesetPicklist.class", 7, "internal.riskapps.internal.picklist.TradeRulesetPicklist",56
"riskapps\internal\picklist\TranLevelPicklist.class", 7, "internal.riskapps.internal.picklist.TranLevelPicklist",56
"riskapps\internal\sumgroup\LentityPairGroup.class", 7, "internal.riskapps.internal.sumgroup.LentityPairGroup",142
"riskapps\internal\sumgroup\PartyAgreementGroup.class", 7, "internal.riskapps.internal.sumgroup.PartyAgreementGroup",142
"riskapps\internal\udsr\SimResultUtils.class", 7, "internal.riskapps.internal.udsr.SimResultUtils"
"riskapps\internal\udsr\CashflowByDayTrials.class", 7, "internal.riskapps.internal.udsr.CashflowByDayTrials",16
"riskapps\internal\udsr\CreditHedgeNotional.class", 7, "internal.riskapps.internal.udsr.CreditHedgeNotional",16
"riskapps\internal\udsr\CreditValuationAdjByDeal.class", 7, "internal.riskapps.internal.udsr.CreditValuationAdjByDeal",16
"riskapps\internal\udsr\CreditValuationAdjByLeg.class", 7, "internal.riskapps.internal.udsr.CreditValuationAdjByLeg",16
"riskapps\internal\udsr\DetailsBaseTest.class", 7, "internal.riskapps.internal.udsr.DetailsBaseTest",16
"riskapps\internal\udsr\ExpectedShortfall.class", 7, "internal.riskapps.internal.udsr.ExpectedShortfall",16
"riskapps\internal\udsr\ExpectedShortfall$1.class", 7, "internal.riskapps.internal.udsr.ExpectedShortfall",16
"riskapps\internal\udsr\ExpectedShortfall$EnumInterpolation.class", 7, "internal.riskapps.internal.udsr.ExpectedShortfall",16
"riskapps\internal\udsr\FlowLevelDetails.class", 7, "internal.riskapps.internal.udsr.FlowLevelDetails",16
"riskapps\internal\udsr\FlowLevelDetails$1.class", 7, "internal.riskapps.internal.udsr.FlowLevelDetails",16
"riskapps\internal\udsr\JumpToDefault.class", 7, "internal.riskapps.internal.udsr.JumpToDefault",16
"riskapps\internal\udsr\JumpToDefault$1.class", 7, "internal.riskapps.internal.udsr.JumpToDefault",16
"riskapps\internal\udsr\LegLevelDetails.class", 7, "internal.riskapps.internal.udsr.LegLevelDetails",16
"riskapps\internal\udsr\LentityCreditRatings.class", 7, "internal.riskapps.internal.udsr.LentityCreditRatings",16
"riskapps\internal\udsr\MTMDetailTrials.class", 7, "internal.riskapps.internal.udsr.MTMDetailTrials",16
"riskapps\internal\udsr\NetMonteCarloVaRTrials.class", 7, "internal.riskapps.internal.udsr.NetMonteCarloVaRTrials",16
"riskapps\internal\udsr\NetMonteCarloVaRTrials$1.class", 7, "internal.riskapps.internal.udsr.NetMonteCarloVaRTrials",16
"riskapps\internal\udsr\ResetInfo.class", 7, "internal.riskapps.internal.udsr.ResetInfo",16
"riskapps\internal\udsr\ResetInfo$1.class", 7, "internal.riskapps.internal.udsr.ResetInfo",16
"riskapps\internal\udsr\SummaryGroupInfo.class", 7, "internal.riskapps.internal.udsr.SummaryGroupInfo",16
"riskapps\internal\udsr\TranLevelDetails.class", 7, "internal.riskapps.internal.udsr.TranLevelDetails",16